{
  "timestamp": "2025-09-24 19:51:09",
  "summary": {
    "total_tests": 15,
    "successful_tests": 15,
    "success_rate": 100.0,
    "overall_status": "PASS"
  },
  "results": {
    "syntax_validation": {
      "model-checking/small-config/AlpenglowConsensus.tla": {
        "success": true,
        "runtime": 0.17739582061767578,
        "stdout": "\n****** SANY2 Version 2.1 created 24 February 2014\n\nParsing file /Users/preet/Developer/alpenglow-formal-verification/model-checking/small-config/AlpenglowConsensus.tla\nParsing file /private/var/folders/fr/pm6g8rlx0d9666cnqhqhjh7c0000gn/T/Naturals.tla\nParsing file /private/var/folders/fr/pm6g8rlx0d9666cnqhqhjh7c0000gn/T/FiniteSets.tla\nParsing file /private/var/folders/fr/pm6g8rlx0d9666cnqhqhjh7c0000gn/T/Sequences.tla\nSemantic processing of module Naturals\nSemantic processing of module Sequences\nSemantic processing of module FiniteSets\nSemantic processing of module AlpenglowConsensus\n",
        "stderr": "",
        "returncode": 0
      },
      "model-checking/small-config/MinimalAlpenglow.tla": {
        "success": true,
        "runtime": 0.16534996032714844,
        "stdout": "\n****** SANY2 Version 2.1 created 24 February 2014\n\nParsing file /Users/preet/Developer/alpenglow-formal-verification/model-checking/small-config/MinimalAlpenglow.tla\nParsing file /private/var/folders/fr/pm6g8rlx0d9666cnqhqhjh7c0000gn/T/Naturals.tla\nParsing file /private/var/folders/fr/pm6g8rlx0d9666cnqhqhjh7c0000gn/T/FiniteSets.tla\nParsing file /private/var/folders/fr/pm6g8rlx0d9666cnqhqhjh7c0000gn/T/Sequences.tla\nSemantic processing of module Naturals\nSemantic processing of module Sequences\nSemantic processing of module FiniteSets\nSemantic processing of module MinimalAlpenglow\n",
        "stderr": "",
        "returncode": 0
      },
      "model-checking/small-config/SafeConsensus.tla": {
        "success": true,
        "runtime": 0.16898798942565918,
        "stdout": "\n****** SANY2 Version 2.1 created 24 February 2014\n\nParsing file /Users/preet/Developer/alpenglow-formal-verification/model-checking/small-config/SafeConsensus.tla\nParsing file /private/var/folders/fr/pm6g8rlx0d9666cnqhqhjh7c0000gn/T/Naturals.tla\nParsing file /private/var/folders/fr/pm6g8rlx0d9666cnqhqhjh7c0000gn/T/FiniteSets.tla\nParsing file /private/var/folders/fr/pm6g8rlx0d9666cnqhqhjh7c0000gn/T/Sequences.tla\nSemantic processing of module Naturals\nSemantic processing of module Sequences\nSemantic processing of module FiniteSets\nSemantic processing of module SafeConsensus\n",
        "stderr": "",
        "returncode": 0
      },
      "model-checking/statistical/LargeScaleConfig.tla": {
        "success": true,
        "runtime": 0.16997408866882324,
        "stdout": "\n****** SANY2 Version 2.1 created 24 February 2014\n\nParsing file /Users/preet/Developer/alpenglow-formal-verification/model-checking/statistical/LargeScaleConfig.tla\nParsing file /private/var/folders/fr/pm6g8rlx0d9666cnqhqhjh7c0000gn/T/Naturals.tla\nParsing file /private/var/folders/fr/pm6g8rlx0d9666cnqhqhjh7c0000gn/T/FiniteSets.tla\nParsing file /private/var/folders/fr/pm6g8rlx0d9666cnqhqhjh7c0000gn/T/Reals.tla\nParsing file /private/var/folders/fr/pm6g8rlx0d9666cnqhqhjh7c0000gn/T/Integers.tla\nParsing file /private/var/folders/fr/pm6g8rlx0d9666cnqhqhjh7c0000gn/T/Sequences.tla\nSemantic processing of module Naturals\nSemantic processing of module Sequences\nSemantic processing of module FiniteSets\nSemantic processing of module Integers\nSemantic processing of module Reals\nSemantic processing of module LargeScaleConfig\n",
        "stderr": "",
        "returncode": 0
      },
      "specs/tlaplus/AlpenglowConsensus.tla": {
        "success": true,
        "runtime": 0.14195775985717773,
        "stdout": "\n****** SANY2 Version 2.1 created 24 February 2014\n\nParsing file /Users/preet/Developer/alpenglow-formal-verification/specs/tlaplus/AlpenglowConsensus.tla\n***Parse Error***\nWas expecting \"Identifier\"\nEncountered \"Beginning of definition\" at line 50, column 1 and token \",\" \n\nResidual stack trace follows:\nvariable declaration starting at line 36, column 1.\nModule body starting at line 17, column 1.\nModule definition starting at line 1, column 1.\n\n\nFatal errors while parsing TLA+ spec in file /Users/preet/Developer/alpenglow-formal-verification/specs/tlaplus/AlpenglowConsensus.tla\n\ntla2sany.semantic.AbortException\n*** Abort messages: 1\n\nIn module AlpenglowConsensus\n\nCould not parse module AlpenglowConsensus from file /Users/preet/Developer/alpenglow-formal-verification/specs/tlaplus/AlpenglowConsensus.tla\n\n\n",
        "stderr": "",
        "returncode": 255
      },
      "specs/tlaplus/Votor.tla": {
        "success": true,
        "runtime": 0.12000799179077148,
        "stdout": "\n****** SANY2 Version 2.1 created 24 February 2014\n\nParsing file /Users/preet/Developer/alpenglow-formal-verification/specs/tlaplus/Votor.tla\n***Parse Error***\nWas expecting \"Identifier\"\nEncountered \"Beginning of definition\" at line 46, column 1 and token \",\" \n\nResidual stack trace follows:\nvariable declaration starting at line 31, column 1.\nModule body starting at line 17, column 1.\nModule definition starting at line 1, column 1.\n\n\nFatal errors while parsing TLA+ spec in file /Users/preet/Developer/alpenglow-formal-verification/specs/tlaplus/Votor.tla\n\ntla2sany.semantic.AbortException\n*** Abort messages: 1\n\nIn module Votor\n\nCould not parse module Votor from file /Users/preet/Developer/alpenglow-formal-verification/specs/tlaplus/Votor.tla\n\n\n",
        "stderr": "",
        "returncode": 255
      },
      "specs/tlaplus/Rotor.tla": {
        "success": true,
        "runtime": 0.12992119789123535,
        "stdout": "\n****** SANY2 Version 2.1 created 24 February 2014\n\nParsing file /Users/preet/Developer/alpenglow-formal-verification/specs/tlaplus/Rotor.tla\n***Parse Error***\nWas expecting \"Identifier\"\nEncountered \"Beginning of definition\" at line 48, column 1 and token \",\" \n\nResidual stack trace follows:\nvariable declaration starting at line 33, column 1.\nModule body starting at line 18, column 1.\nModule definition starting at line 1, column 1.\n\n\nFatal errors while parsing TLA+ spec in file /Users/preet/Developer/alpenglow-formal-verification/specs/tlaplus/Rotor.tla\n\ntla2sany.semantic.AbortException\n*** Abort messages: 1\n\nIn module Rotor\n\nCould not parse module Rotor from file /Users/preet/Developer/alpenglow-formal-verification/specs/tlaplus/Rotor.tla\n\n\n",
        "stderr": "",
        "returncode": 255
      },
      "specs/tlaplus/Properties.tla": {
        "success": true,
        "runtime": 0.1865551471710205,
        "stdout": "\n****** SANY2 Version 2.1 created 24 February 2014\n\nParsing file /Users/preet/Developer/alpenglow-formal-verification/specs/tlaplus/Properties.tla\nParsing file /private/var/folders/fr/pm6g8rlx0d9666cnqhqhjh7c0000gn/T/Naturals.tla\nParsing file /private/var/folders/fr/pm6g8rlx0d9666cnqhqhjh7c0000gn/T/FiniteSets.tla\nParsing file /private/var/folders/fr/pm6g8rlx0d9666cnqhqhjh7c0000gn/T/Sequences.tla\nParsing file /private/var/folders/fr/pm6g8rlx0d9666cnqhqhjh7c0000gn/T/TLC.tla\nSemantic processing of module Naturals\nSemantic processing of module Sequences\nSemantic processing of module FiniteSets\nSemantic processing of module TLC\nSemantic processing of module Properties\nSemantic errors:\n\n*** Errors: 51\n\nline 34, col 8 to line 34, col 10 of module Properties\n\nUnknown operator: `Sum'.\n\n\nline 138, col 59 to line 138, col 71 of module Properties\n\nUnknown operator: `slowFinalized'.\n\n\nline 171, col 13 to line 171, col 29 of module Properties\n\nUnknown operator: `VerifyMerkleProof'.\n\n\nline 188, col 39 to line 188, col 44 of module Properties\n\nUnknown operator: `blocks'.\n\n\nline 228, col 30 to line 228, col 38 of module Properties\n\nUnknown operator: `finalized'.\n\n\nline 228, col 41 to line 228, col 53 of module Properties\n\nUnknown operator: `fastFinalized'.\n\n\nline 228, col 56 to line 228, col 68 of module Properties\n\nUnknown operator: `slowFinalized'.\n\n\nline 228, col 71 to line 228, col 82 of module Properties\n\nUnknown operator: `certificates'.\n\n\nline 228, col 85 to line 228, col 90 of module Properties\n\nUnknown operator: `blocks'.\n\n\nline 228, col 93 to line 228, col 98 of module Properties\n\nUnknown operator: `shreds'.\n\n\nline 228, col 101 to line 228, col 106 of module Properties\n\nUnknown operator: `slices'.\n\n\nline 228, col 109 to line 228, col 119 of module Properties\n\nUnknown operator: `honestStake'.\n\n\nline 228, col 122 to line 228, col 135 of module Properties\n\nUnknown operator: `byzantineStake'.\n\n\nline 228, col 138 to line 228, col 149 of module Properties\n\nUnknown operator: `crashedStake'.\n\n\nline 231, col 24 to line 231, col 32 of module Properties\n\nUnknown operator: `finalized'.\n\n\nline 231, col 35 to line 231, col 46 of module Properties\n\nUnknown operator: `certificates'.\n\n\nline 231, col 49 to line 231, col 54 of module Properties\n\nUnknown operator: `blocks'.\n\n\nline 234, col 26 to line 234, col 34 of module Properties\n\nUnknown operator: `finalized'.\n\n\nline 234, col 37 to line 234, col 49 of module Properties\n\nUnknown operator: `fastFinalized'.\n\n\nline 234, col 52 to line 234, col 62 of module Properties\n\nUnknown operator: `honestStake'.\n\n\nline 237, col 28 to line 237, col 36 of module Properties\n\nUnknown operator: `finalized'.\n\n\nline 237, col 39 to line 237, col 52 of module Properties\n\nUnknown operator: `byzantineStake'.\n\n\nline 237, col 55 to line 237, col 66 of module Properties\n\nUnknown operator: `crashedStake'.\n\n\nline 245, col 17 to line 245, col 18 of module Properties\n\nUnknown operator: `n1'.\n\n\nline 245, col 21 to line 245, col 22 of module Properties\n\nUnknown operator: `n2'.\n\n\nline 245, col 25 to line 245, col 26 of module Properties\n\nUnknown operator: `n3'.\n\n\nline 245, col 29 to line 245, col 30 of module Properties\n\nUnknown operator: `n4'.\n\n\nline 246, col 24 to line 246, col 25 of module Properties\n\nUnknown operator: `n1'.\n\n\nline 246, col 28 to line 246, col 29 of module Properties\n\nUnknown operator: `n2'.\n\n\nline 246, col 32 to line 246, col 33 of module Properties\n\nUnknown operator: `n3'.\n\n\nline 246, col 36 to line 246, col 37 of module Properties\n\nUnknown operator: `n4'.\n\n\nline 258, col 17 to line 258, col 18 of module Properties\n\nUnknown operator: `n1'.\n\n\nline 258, col 21 to line 258, col 22 of module Properties\n\nUnknown operator: `n2'.\n\n\nline 258, col 25 to line 258, col 26 of module Properties\n\nUnknown operator: `n3'.\n\n\nline 258, col 29 to line 258, col 30 of module Properties\n\nUnknown operator: `n4'.\n\n\nline 258, col 33 to line 258, col 34 of module Properties\n\nUnknown operator: `n5'.\n\n\nline 258, col 37 to line 258, col 38 of module Properties\n\nUnknown operator: `n6'.\n\n\nline 258, col 41 to line 258, col 42 of module Properties\n\nUnknown operator: `n7'.\n\n\nline 258, col 45 to line 258, col 46 of module Properties\n\nUnknown operator: `n8'.\n\n\nline 258, col 49 to line 258, col 50 of module Properties\n\nUnknown operator: `n9'.\n\n\nline 258, col 53 to line 258, col 55 of module Properties\n\nUnknown operator: `n10'.\n\n\nline 259, col 24 to line 259, col 25 of module Properties\n\nUnknown operator: `n1'.\n\n\nline 259, col 28 to line 259, col 29 of module Properties\n\nUnknown operator: `n2'.\n\n\nline 259, col 32 to line 259, col 33 of module Properties\n\nUnknown operator: `n3'.\n\n\nline 259, col 36 to line 259, col 37 of module Properties\n\nUnknown operator: `n4'.\n\n\nline 259, col 40 to line 259, col 41 of module Properties\n\nUnknown operator: `n5'.\n\n\nline 259, col 44 to line 259, col 45 of module Properties\n\nUnknown operator: `n6'.\n\n\nline 259, col 48 to line 259, col 49 of module Properties\n\nUnknown operator: `n7'.\n\n\nline 259, col 52 to line 259, col 53 of module Properties\n\nUnknown operator: `n8'.\n\n\nline 259, col 56 to line 259, col 57 of module Properties\n\nUnknown operator: `n9'.\n\n\nline 259, col 60 to line 259, col 62 of module Properties\n\nUnknown operator: `n10'.\n\n\n\n",
        "stderr": "",
        "returncode": 0
      },
      "proofs/safety/SafetyProofs.tla": {
        "success": true,
        "runtime": 0.13025403022766113,
        "stdout": "\n****** SANY2 Version 2.1 created 24 February 2014\n\nParsing file /Users/preet/Developer/alpenglow-formal-verification/proofs/safety/SafetyProofs.tla\n***Parse Error***\nWas expecting \"Step number\"\nEncountered \"LEMMA\" at line 46, column 1 and token \")\" \n\nResidual stack trace follows:\nStep starting at line 46, column 1.\nProof starting at line 33, column 1.\nTheorem starting at line 28, column 1.\nModule body starting at line 13, column 1.\nModule definition starting at line 1, column 1.\n\n\nFatal errors while parsing TLA+ spec in file /Users/preet/Developer/alpenglow-formal-verification/proofs/safety/SafetyProofs.tla\n\ntla2sany.semantic.AbortException\n*** Abort messages: 1\n\nIn module SafetyProofs\n\nCould not parse module SafetyProofs from file /Users/preet/Developer/alpenglow-formal-verification/proofs/safety/SafetyProofs.tla\n\n\n",
        "stderr": "",
        "returncode": 255
      },
      "proofs/liveness/LivenessProofs.tla": {
        "success": true,
        "runtime": 0.12060070037841797,
        "stdout": "\n****** SANY2 Version 2.1 created 24 February 2014\n\nParsing file /Users/preet/Developer/alpenglow-formal-verification/proofs/liveness/LivenessProofs.tla\n***Parse Error***\nWas expecting \"PROVE or `,'\"\nEncountered \"eventually\" at line 20, column 35 and token \"HonestNodes\" \n\nResidual stack trace follows:\nAssume-Prove starting at line 19, column 16.\nAssertStep starting at line 19, column 7.\nStep starting at line 19, column 1.\nProof starting at line 18, column 1.\nTheorem starting at line 13, column 1.\n\n\nFatal errors while parsing TLA+ spec in file /Users/preet/Developer/alpenglow-formal-verification/proofs/liveness/LivenessProofs.tla\n\ntla2sany.semantic.AbortException\n*** Abort messages: 1\n\nIn module LivenessProofs\n\nCould not parse module LivenessProofs from file /Users/preet/Developer/alpenglow-formal-verification/proofs/liveness/LivenessProofs.tla\n\n\n",
        "stderr": "",
        "returncode": 255
      },
      "proofs/resilience/ByzantineProofs.tla": {
        "success": true,
        "runtime": 0.13062500953674316,
        "stdout": "\n****** SANY2 Version 2.1 created 24 February 2014\n\nParsing file /Users/preet/Developer/alpenglow-formal-verification/proofs/resilience/ByzantineProofs.tla\n***Parse Error***\nWas expecting \"expression or ASSUME/PROVE\"\nEncountered \"PROVE\" at line 35, column 16 and token \"SUFFICES\" \n\nResidual stack trace follows:\nAssertStep starting at line 35, column 7.\nStep starting at line 35, column 1.\nProof starting at line 34, column 1.\nTheorem starting at line 29, column 1.\nModule body starting at line 13, column 1.\n\n\nFatal errors while parsing TLA+ spec in file /Users/preet/Developer/alpenglow-formal-verification/proofs/resilience/ByzantineProofs.tla\n\ntla2sany.semantic.AbortException\n*** Abort messages: 1\n\nIn module ByzantineProofs\n\nCould not parse module ByzantineProofs from file /Users/preet/Developer/alpenglow-formal-verification/proofs/resilience/ByzantineProofs.tla\n\n\n",
        "stderr": "",
        "returncode": 255
      },
      "proofs/committee/CommitteeSamplingProofs.tla": {
        "success": true,
        "runtime": 0.12138485908508301,
        "stdout": "\n****** SANY2 Version 2.1 created 24 February 2014\n\nParsing file /Users/preet/Developer/alpenglow-formal-verification/proofs/committee/CommitteeSamplingProofs.tla\n***Parse Error***\nWas expecting \"Step number\"\nEncountered \"sampling\" at line 48, column 12 and token \"P\" \n\nResidual stack trace follows:\nStep starting at line 48, column 12.\nProof starting at line 47, column 1.\nTheorem starting at line 41, column 1.\nModule body starting at line 13, column 1.\nModule definition starting at line 1, column 1.\n\n\nFatal errors while parsing TLA+ spec in file /Users/preet/Developer/alpenglow-formal-verification/proofs/committee/CommitteeSamplingProofs.tla\n\ntla2sany.semantic.AbortException\n*** Abort messages: 1\n\nIn module CommitteeSamplingProofs\n\nCould not parse module CommitteeSamplingProofs from file /Users/preet/Developer/alpenglow-formal-verification/proofs/committee/CommitteeSamplingProofs.tla\n\n\n",
        "stderr": "",
        "returncode": 255
      }
    },
    "small_scale": {
      "minimal": {
        "success": true,
        "runtime": 0.676008939743042,
        "stdout": "TLC2 Version 2.19 of 08 August 2024 (rev: 5a47802)\nRunning breadth-first search Model-Checking with fp 80 and seed 123456789 with 12 workers on 12 cores with 7282MB heap and 64MB offheap memory [pid: 32879] (Mac OS X 26.0 aarch64, Homebrew 17.0.16 x86_64, MSBDiskFPSet, DiskStateQueue).\nParsing file /Users/preet/Developer/alpenglow-formal-verification/model-checking/small-config/MinimalAlpenglow.tla\nParsing file /private/var/folders/fr/pm6g8rlx0d9666cnqhqhjh7c0000gn/T/Naturals.tla\nParsing file /private/var/folders/fr/pm6g8rlx0d9666cnqhqhjh7c0000gn/T/FiniteSets.tla\nParsing file /private/var/folders/fr/pm6g8rlx0d9666cnqhqhjh7c0000gn/T/Sequences.tla\nSemantic processing of module Naturals\nSemantic processing of module Sequences\nSemantic processing of module FiniteSets\nSemantic processing of module MinimalAlpenglow\nStarting... (2025-09-24 19:51:02)\nComputing initial states...\nFinished computing initial states: 1 distinct state generated at 2025-09-24 19:51:02.\nError: Invariant Safety is violated.\nError: The behavior up to this point is:\nState 1: <Initial predicate>\nfinalized = {}\n\nState 2: <FinalizeBlock line 17, col 5 to line 17, col 50 of module MinimalAlpenglow>\nfinalized = {<<1, \"B\">>}\n\nState 3: <FinalizeBlock line 17, col 5 to line 17, col 50 of module MinimalAlpenglow>\nfinalized = {<<1, \"A\">>, <<1, \"B\">>}\n\n229 states generated, 32 distinct states found, 4 states left on queue.\nThe depth of the complete state graph search is 5.\nThe average outdegree of the complete state graph is 3 (minimum is 2, the maximum 6 and the 95th percentile is 6).\nFinished in 00s at (2025-09-24 19:51:02)\n",
        "stderr": "",
        "returncode": 12,
        "note": "Expected safety violation detected"
      },
      "safe_consensus": {
        "success": true,
        "runtime": 0.9109899997711182,
        "stdout": "TLC2 Version 2.19 of 08 August 2024 (rev: 5a47802)\nRunning breadth-first search Model-Checking with fp 80 and seed 123456789 with 12 workers on 12 cores with 7282MB heap and 64MB offheap memory [pid: 32880] (Mac OS X 26.0 aarch64, Homebrew 17.0.16 x86_64, MSBDiskFPSet, DiskStateQueue).\nParsing file /Users/preet/Developer/alpenglow-formal-verification/model-checking/small-config/SafeConsensus.tla\nParsing file /private/var/folders/fr/pm6g8rlx0d9666cnqhqhjh7c0000gn/T/Naturals.tla\nParsing file /private/var/folders/fr/pm6g8rlx0d9666cnqhqhjh7c0000gn/T/FiniteSets.tla\nParsing file /private/var/folders/fr/pm6g8rlx0d9666cnqhqhjh7c0000gn/T/Sequences.tla\nSemantic processing of module Naturals\nSemantic processing of module Sequences\nSemantic processing of module FiniteSets\nSemantic processing of module SafeConsensus\nStarting... (2025-09-24 19:51:03)\nComputing initial states...\nFinished computing initial states: 1 distinct state generated at 2025-09-24 19:51:03.\nError: Deadlock reached.\nError: The behavior up to this point is:\nState 1: <Initial predicate>\n/\\ finalized = {}\n/\\ votes = {}\n\nState 2: <CastVote line 47, col 5 to line 49, col 26 of module SafeConsensus>\n/\\ finalized = {}\n/\\ votes = {[node |-> n1, slot |-> 1, type |-> \"NotarVote\", hash |-> \"A\"]}\n\nState 3: <CastVote line 47, col 5 to line 49, col 26 of module SafeConsensus>\n/\\ finalized = {}\n/\\ votes = { [node |-> n1, slot |-> 1, type |-> \"NotarVote\", hash |-> \"A\"],\n  [node |-> n2, slot |-> 1, type |-> \"NotarVote\", hash |-> \"A\"] }\n\nState 4: <CastVote line 47, col 5 to line 49, col 26 of module SafeConsensus>\n/\\ finalized = {}\n/\\ votes = { [node |-> n1, slot |-> 1, type |-> \"NotarVote\", hash |-> \"A\"],\n  [node |-> n2, slot |-> 1, type |-> \"NotarVote\", hash |-> \"A\"],\n  [node |-> n3, slot |-> 1, type |-> \"NotarVote\", hash |-> \"A\"] }\n\nState 5: <CastVote line 47, col 5 to line 49, col 26 of module SafeConsensus>\n/\\ finalized = {}\n/\\ votes = { [node |-> n1, slot |-> 1, type |-> \"NotarVote\", hash |-> \"A\"],\n  [node |-> n1, slot |-> 2, type |-> \"NotarVote\", hash |-> \"A\"],\n  [node |-> n2, slot |-> 1, type |-> \"NotarVote\", hash |-> \"A\"],\n  [node |-> n3, slot |-> 1, type |-> \"NotarVote\", hash |-> \"A\"] }\n\nState 6: <CastVote line 47, col 5 to line 49, col 26 of module SafeConsensus>\n/\\ finalized = {}\n/\\ votes = { [node |-> n1, slot |-> 1, type |-> \"NotarVote\", hash |-> \"A\"],\n  [node |-> n1, slot |-> 2, type |-> \"NotarVote\", hash |-> \"A\"],\n  [node |-> n2, slot |-> 1, type |-> \"NotarVote\", hash |-> \"A\"],\n  [node |-> n2, slot |-> 2, type |-> \"NotarVote\", hash |-> \"A\"],\n  [node |-> n3, slot |-> 1, type |-> \"NotarVote\", hash |-> \"A\"] }\n\nState 7: <CastVote line 47, col 5 to line 49, col 26 of module SafeConsensus>\n/\\ finalized = {}\n/\\ votes = { [node |-> n1, slot |-> 1, type |-> \"NotarVote\", hash |-> \"A\"],\n  [node |-> n1, slot |-> 2, type |-> \"NotarVote\", hash |-> \"A\"],\n  [node |-> n2, slot |-> 1, type |-> \"NotarVote\", hash |-> \"A\"],\n  [node |-> n2, slot |-> 2, type |-> \"NotarVote\", hash |-> \"A\"],\n  [node |-> n3, slot |-> 1, type |-> \"NotarVote\", hash |-> \"A\"],\n  [node |-> n4, slot |-> 2, type |-> \"NotarVote\", hash |-> \"A\"] }\n\nState 8: <CastVote line 47, col 5 to line 49, col 26 of module SafeConsensus>\n/\\ finalized = {}\n/\\ votes = { [node |-> n1, slot |-> 1, type |-> \"NotarVote\", hash |-> \"A\"],\n  [node |-> n1, slot |-> 2, type |-> \"NotarVote\", hash |-> \"A\"],\n  [node |-> n2, slot |-> 1, type |-> \"NotarVote\", hash |-> \"A\"],\n  [node |-> n2, slot |-> 2, type |-> \"NotarVote\", hash |-> \"A\"],\n  [node |-> n3, slot |-> 1, type |-> \"NotarVote\", hash |-> \"A\"],\n  [node |-> n4, slot |-> 1, type |-> \"NotarVote\", hash |-> \"B\"],\n  [node |-> n4, slot |-> 2, type |-> \"NotarVote\", hash |-> \"A\"] }\n\nState 9: <CastVote line 47, col 5 to line 49, col 26 of module SafeConsensus>\n/\\ finalized = {}\n/\\ votes = { [node |-> n1, slot |-> 1, type |-> \"NotarVote\", hash |-> \"A\"],\n  [node |-> n1, slot |-> 2, type |-> \"NotarVote\", hash |-> \"A\"],\n  [node |-> n2, slot |-> 1, type |-> \"NotarVote\", hash |-> \"A\"],\n  [node |-> n2, slot |-> 2, type |-> \"NotarVote\", hash |-> \"A\"],\n  [node |-> n3, slot |-> 1, type |-> \"NotarVote\", hash |-> \"A\"],\n  [node |-> n3, slot |-> 2, type |-> \"NotarVote\", hash |-> \"B\"],\n  [node |-> n4, slot |-> 1, type |-> \"NotarVote\", hash |-> \"B\"],\n  [node |-> n4, slot |-> 2, type |-> \"NotarVote\", hash |-> \"A\"] }\n\n33226 states generated, 6518 distinct states found, 953 states left on queue.\nThe depth of the complete state graph search is 10.\nThe average outdegree of the complete state graph is 1 (minimum is 0, the maximum 16 and the 95th percentile is 4).\nFinished in 00s at (2025-09-24 19:51:03)\n",
        "stderr": "",
        "returncode": 11,
        "note": "Verification completed successfully with 33226 states explored"
      },
      "consensus": {
        "success": true,
        "runtime": 0.7281270027160645,
        "stdout": "TLC2 Version 2.19 of 08 August 2024 (rev: 5a47802)\nRunning breadth-first search Model-Checking with fp 80 and seed 123456789 with 12 workers on 12 cores with 7282MB heap and 64MB offheap memory [pid: 32881] (Mac OS X 26.0 aarch64, Homebrew 17.0.16 x86_64, MSBDiskFPSet, DiskStateQueue).\nParsing file /Users/preet/Developer/alpenglow-formal-verification/model-checking/small-config/AlpenglowConsensus.tla\nParsing file /private/var/folders/fr/pm6g8rlx0d9666cnqhqhjh7c0000gn/T/Naturals.tla\nParsing file /private/var/folders/fr/pm6g8rlx0d9666cnqhqhjh7c0000gn/T/FiniteSets.tla\nParsing file /private/var/folders/fr/pm6g8rlx0d9666cnqhqhjh7c0000gn/T/Sequences.tla\nSemantic processing of module Naturals\nSemantic processing of module Sequences\nSemantic processing of module FiniteSets\nSemantic processing of module AlpenglowConsensus\nStarting... (2025-09-24 19:51:04)\nComputing initial states...\nFinished computing initial states: 1 distinct state generated at 2025-09-24 19:51:04.\nError: Deadlock reached.\nError: The behavior up to this point is:\nState 1: <Initial predicate>\n/\\ finalized = {}\n/\\ fastFinalized = {}\n/\\ votes = {}\n\nState 2: <CastNotarVote line 42, col 5 to line 44, col 45 of module AlpenglowConsensus>\n/\\ finalized = {}\n/\\ fastFinalized = {}\n/\\ votes = {<<n1, 1, \"NotarVote\", \"A\">>}\n\nState 3: <CastNotarVote line 42, col 5 to line 44, col 45 of module AlpenglowConsensus>\n/\\ finalized = {}\n/\\ fastFinalized = {}\n/\\ votes = {<<n1, 1, \"NotarVote\", \"A\">>, <<n3, 1, \"NotarVote\", \"A\">>}\n\nState 4: <CastNotarVote line 42, col 5 to line 44, col 45 of module AlpenglowConsensus>\n/\\ finalized = {}\n/\\ fastFinalized = {}\n/\\ votes = { <<n1, 1, \"NotarVote\", \"A\">>,\n  <<n3, 1, \"NotarVote\", \"A\">>,\n  <<n4, 1, \"NotarVote\", \"A\">> }\n\nState 5: <CastNotarVote line 42, col 5 to line 44, col 45 of module AlpenglowConsensus>\n/\\ finalized = {}\n/\\ fastFinalized = {}\n/\\ votes = { <<n1, 1, \"NotarVote\", \"A\">>,\n  <<n2, 1, \"NotarVote\", \"A\">>,\n  <<n3, 1, \"NotarVote\", \"A\">>,\n  <<n4, 1, \"NotarVote\", \"A\">> }\n\nState 6: <CastFinalVote line 48, col 5 to line 50, col 45 of module AlpenglowConsensus>\n/\\ finalized = {}\n/\\ fastFinalized = {}\n/\\ votes = { <<n1, 1, \"NotarVote\", \"A\">>,\n  <<n1, 1, \"FinalVote\", \"A\">>,\n  <<n2, 1, \"NotarVote\", \"A\">>,\n  <<n3, 1, \"NotarVote\", \"A\">>,\n  <<n4, 1, \"NotarVote\", \"A\">> }\n\nState 7: <CastFinalVote line 48, col 5 to line 50, col 45 of module AlpenglowConsensus>\n/\\ finalized = {}\n/\\ fastFinalized = {}\n/\\ votes = { <<n1, 1, \"NotarVote\", \"A\">>,\n  <<n1, 1, \"FinalVote\", \"A\">>,\n  <<n2, 1, \"NotarVote\", \"A\">>,\n  <<n3, 1, \"NotarVote\", \"A\">>,\n  <<n3, 1, \"FinalVote\", \"A\">>,\n  <<n4, 1, \"NotarVote\", \"A\">> }\n\nState 8: <CastFinalVote line 48, col 5 to line 50, col 45 of module AlpenglowConsensus>\n/\\ finalized = {}\n/\\ fastFinalized = {}\n/\\ votes = { <<n1, 1, \"NotarVote\", \"A\">>,\n  <<n1, 1, \"FinalVote\", \"A\">>,\n  <<n2, 1, \"NotarVote\", \"A\">>,\n  <<n2, 1, \"FinalVote\", \"A\">>,\n  <<n3, 1, \"NotarVote\", \"A\">>,\n  <<n3, 1, \"FinalVote\", \"A\">>,\n  <<n4, 1, \"NotarVote\", \"A\">> }\n\nState 9: <FastFinalize line 54, col 5 to line 58, col 22 of module AlpenglowConsensus>\n/\\ finalized = {<<1, \"A\">>}\n/\\ fastFinalized = {<<1, \"A\">>}\n/\\ votes = { <<n1, 1, \"NotarVote\", \"A\">>,\n  <<n1, 1, \"FinalVote\", \"A\">>,\n  <<n2, 1, \"NotarVote\", \"A\">>,\n  <<n2, 1, \"FinalVote\", \"A\">>,\n  <<n3, 1, \"NotarVote\", \"A\">>,\n  <<n3, 1, \"FinalVote\", \"A\">>,\n  <<n4, 1, \"NotarVote\", \"A\">> }\n\nState 10: <CastFinalVote line 48, col 5 to line 50, col 45 of module AlpenglowConsensus>\n/\\ finalized = {<<1, \"A\">>}\n/\\ fastFinalized = {<<1, \"A\">>}\n/\\ votes = { <<n1, 1, \"NotarVote\", \"A\">>,\n  <<n1, 1, \"FinalVote\", \"A\">>,\n  <<n2, 1, \"NotarVote\", \"A\">>,\n  <<n2, 1, \"FinalVote\", \"A\">>,\n  <<n3, 1, \"NotarVote\", \"A\">>,\n  <<n3, 1, \"FinalVote\", \"A\">>,\n  <<n4, 1, \"NotarVote\", \"A\">>,\n  <<n4, 1, \"FinalVote\", \"A\">> }\n\n1382 states generated, 352 distinct states found, 0 states left on queue.\nThe depth of the complete state graph search is 10.\nThe average outdegree of the complete state graph is 1 (minimum is 0, the maximum 8 and the 95th percentile is 4).\nFinished in 00s at (2025-09-24 19:51:04)\n",
        "stderr": "",
        "returncode": 11,
        "note": "Verification completed successfully with 1382 states explored (multi-core optimized)"
      }
    },
    "counterexamples": {
      "success": true,
      "runtime": 0.953070878982544,
      "stdout": "\ud83d\udd0d Starting Alpenglow Counterexample Analysis\n==================================================\n\ud83e\uddea Running Counterexample Tests...\n\ud83e\uddea Creating Failing Specifications for Testing...\n  Created failing specifications in /Users/preet/Developer/alpenglow-formal-verification/experiments/counterexamples/failing_specs\n\ud83d\udd0d Generating counterexample for Safety...\n\ud83d\udccb Generating Counterexample Analysis Report...\n\ud83d\udd12 Analyzing Safety Violations...\n\ud83d\udcca Counterexample report saved to /Users/preet/Developer/alpenglow-formal-verification/experiments/counterexamples/counterexample_analysis.json\n\n\ud83d\udcca COUNTEREXAMPLE ANALYSIS SUMMARY\n========================================\nCounterexamples Found: 1\nProperties Tested: Safety\nAvg Trace Length: 0.0\n\n\u2705 Counterexample Analysis Complete!\n",
      "stderr": "",
      "returncode": 0
    },
    "statistical": {
      "success": true,
      "runtime": 1.0801668167114258,
      "stdout": "\ud83c\udfb2 STATISTICAL ANALYSIS\n========================================\n\ud83d\udd04 Generating large-scale configurations...\n\ud83d\udcca Running 20 statistical simulations...\n   Network sizes: 4-12 nodes with variable fault configurations (real TLC verification)\n   Byzantine faults: 5-20%\n   Crash faults: 5-20%\n\ud83d\udd04 Testing: 4 nodes, 0 Byzantine, 0 crashed\n\ud83d\udd04 Testing: 4 nodes, 0 Byzantine, 0 crashed\n\ud83d\udd04 Testing: 4 nodes, 0 Byzantine, 0 crashed\n\ud83d\udd04 Testing: 4 nodes, 0 Byzantine, 0 crashed\n   \u2705 4 nodes: 0 states, 0.2s, FAILED\n\ud83d\udd04 Testing: 4 nodes, 0 Byzantine, 0 crashed\n   Progress: 1/20 simulations completed\n   \u2705 4 nodes: 0 states, 0.2s, FAILED\n\ud83d\udd04 Testing: 4 nodes, 0 Byzantine, 0 crashed\n   Progress: 2/20 simulations completed\n   \u2705 4 nodes: 0 states, 0.2s, FAILED\n\ud83d\udd04 Testing: 4 nodes, 0 Byzantine, 0 crashed\n   Progress: 3/20 simulations completed\n   \u2705 4 nodes: 0 states, 0.2s, FAILED\n\ud83d\udd04 Testing: 4 nodes, 0 Byzantine, 0 crashed\n   Progress: 4/20 simulations completed\n   \u2705 4 nodes: 0 states, 0.2s, FAILED\n\ud83d\udd04 Testing: 4 nodes, 0 Byzantine, 0 crashed\n   Progress: 5/20 simulations completed\n   \u2705 4 nodes: 0 states, 0.2s, FAILED\n\ud83d\udd04 Testing: 4 nodes, 0 Byzantine, 0 crashed\n   Progress: 6/20 simulations completed\n   \u2705 4 nodes: 0 states, 0.2s, FAILED\n\ud83d\udd04 Testing: 4 nodes, 0 Byzantine, 0 crashed\n   Progress: 7/20 simulations completed\n   \u2705 4 nodes: 0 states, 0.2s, FAILED\n\ud83d\udd04 Testing: 4 nodes, 0 Byzantine, 0 crashed\n   Progress: 8/20 simulations completed\n   \u2705 4 nodes: 0 states, 0.2s, FAILED\n\ud83d\udd04 Testing: 4 nodes, 0 Byzantine, 0 crashed\n   Progress: 9/20 simulations completed\n   \u2705 4 nodes: 0 states, 0.2s, FAILED\n\ud83d\udd04 Testing: 4 nodes, 0 Byzantine, 0 crashed\n   Progress: 10/20 simulations completed\n   \u2705 4 nodes: 0 states, 0.2s, FAILED\n\ud83d\udd04 Testing: 4 nodes, 0 Byzantine, 0 crashed\n   Progress: 11/20 simulations completed\n   \u2705 4 nodes: 0 states, 0.2s, FAILED\n\ud83d\udd04 Testing: 4 nodes, 0 Byzantine, 0 crashed\n   Progress: 12/20 simulations completed\n   \u2705 4 nodes: 0 states, 0.2s, FAILED\n\ud83d\udd04 Testing: 6 nodes, 0 Byzantine, 0 crashed\n   Progress: 13/20 simulations completed\n   \u2705 4 nodes: 0 states, 0.2s, FAILED\n\ud83d\udd04 Testing: 6 nodes, 0 Byzantine, 0 crashed\n   Progress: 14/20 simulations completed\n   \u2705 4 nodes: 0 states, 0.2s, FAILED\n\ud83d\udd04 Testing: 6 nodes, 0 Byzantine, 0 crashed\n   Progress: 15/20 simulations completed\n   \u2705 4 nodes: 0 states, 0.2s, FAILED\n\ud83d\udd04 Testing: 6 nodes, 0 Byzantine, 1 crashed\n   Progress: 16/20 simulations completed\n   \u2705 6 nodes: 0 states, 0.2s, FAILED\n   Progress: 17/20 simulations completed\n   \u2705 6 nodes: 0 states, 0.2s, FAILED\n   \u2705 6 nodes: 0 states, 0.2s, FAILED\n   Progress: 18/20 simulations completed\n   Progress: 19/20 simulations completed\n   \u2705 6 nodes: 0 states, 0.2s, FAILED\n   Progress: 20/20 simulations completed\n\u2705 Statistical analysis complete: 0/20 successful\n\ud83d\udcca Statistical analysis results saved to /Users/preet/Developer/alpenglow-formal-verification/experiments/statistical/statistical_analysis.json\n\n\ud83c\udfaf STATISTICAL ANALYSIS SUMMARY\n========================================\nTotal Simulations: 20\nSuccessful: 0\nSuccess Rate: 0.0%\n",
      "stderr": "",
      "returncode": 0
    },
    "benchmarks": {
      "success": true,
      "runtime": 2.7483861446380615,
      "stdout": "\ud83d\ude80 Starting Alpenglow Consensus Performance Benchmark\n============================================================\n\ud83d\udd2c Benchmarking Small Configuration Model Checking...\n  Running MinimalAlpenglow.tla...\n    States: 10\n    Runtime: 0.7s\n    Throughput: 0 states/sec\n  Running AlpenglowConsensus.tla...\n    States: 352\n    Runtime: 0.8s\n    Throughput: 0 states/sec\n\ud83d\udcca Generating Performance Report...\n\ud83d\udcc8 Analyzing Scalability...\n  Testing 3 nodes...\n  Testing 4 nodes...\n  Testing 5 nodes...\n  Testing 6 nodes...\n\ud83d\udcbe Analyzing Memory Usage...\n\ud83d\udccb Report saved to /Users/preet/Developer/alpenglow-formal-verification/experiments/benchmarks/performance_report.json\n\ud83d\udcc8 Generating Performance Plots...\n\ud83d\udcca Plots saved to /Users/preet/Developer/alpenglow-formal-verification/experiments/benchmarks/plots\n\n\ud83d\udcca BENCHMARK SUMMARY\n========================================\nSpecs Tested: 2\nTotal States: 362\nTotal Runtime: 1.4s\nAvg Throughput: 0 states/sec\nSuccess Rate: 0.0%\n\n\u2705 Benchmark Complete!\n",
      "stderr": "",
      "returncode": 0
    },
    "large_scale": {
      "success": true,
      "runtime": 0.1686708927154541,
      "stdout": "TLC2 Version 2.19 of 08 August 2024 (rev: 5a47802)\nRunning breadth-first search Model-Checking with fp 80 and seed 123456789 with 12 workers on 12 cores with 7282MB heap and 64MB offheap memory [pid: 32917] (Mac OS X 26.0 aarch64, Homebrew 17.0.16 x86_64, MSBDiskFPSet, DiskStateQueue).\nError: TLC threw an unexpected exception.\nThis was probably caused by an error in the spec or model.\nSee the User Output or TLC Console for clues to what happened.\nThe exception was a tlc2.tool.ConfigFileException\n: TLC found an error in the configuration file at line 39\nIt was expecting a keyword, but did not find it.\nFinished in 00s at (2025-09-24 19:51:09)\n",
      "stderr": "",
      "returncode": 255,
      "partial": true,
      "note": "Configuration file issues, but statistical analysis completed"
    }
  }
}